<?xml version="1.0" encoding="UTF-8"?>
<!-- Generated by org.testng.reporters.JUnitXMLReporter -->
<testsuite hostname="MartinaBarbieri" name="Test" tests="3" failures="0" timestamp="19 May 2019 21:15:04 GMT" time="33.222" errors="0">
  <testcase name="AddModuli" time="18.099" classname="com.modulodatitest.ListaModuloDatiNotevoli"/>
  <testcase name="ChangeNameModulo" time="8.827" classname="com.modulodatitest.ListaModuloDatiNotevoli"/>
  <testcase name="RemoveModulo" time="2.673" classname="com.modulodatitest.ListaModuloDatiNotevoli"/>
</testsuite> <!-- Test -->
